Load environment configuration
mkdir: created directory '/appsmith-stacks/git-storage'
RTS version v1.9.50 running at http://localhost:8091
ns:/# socket 0yw1ucVXrwuB9N7hAAAE joined the room app:65710eb11b750f6b882490b4
ns:/# socket 0yw1ucVXrwuB9N7hAAAE left the room app:65710eb11b750f6b882490b4
ns:/# socket 0yw1ucVXrwuB9N7hAAAE joined the room app:65710eb11b750f6b882490b4
ns:/# socket 0yw1ucVXrwuB9N7hAAAE left the room app:65710eb11b750f6b882490b4
ns:/# socket YgtmmzsCGYB-bHe5AAAI joined the room app:65710f821b750f6b882490b9
ns:/# socket YgtmmzsCGYB-bHe5AAAI left the room app:65710f821b750f6b882490b9
ns:/# socket imbqg02tXUC5fR6RAAAL joined the room app:65710f821b750f6b882490b9
ns:/# socket imbqg02tXUC5fR6RAAAL left the room app:65710f821b750f6b882490b9
ns:/# socket LxCYSSL3SSuiOI_fAAAO joined the room app:65710f821b750f6b882490b9
ns:/# socket LxCYSSL3SSuiOI_fAAAO left the room app:65710f821b750f6b882490b9
ns:/# socket QWjvqYJfdHfcIT12AAAR joined the room app:65710f821b750f6b882490b9
ns:/# socket QWjvqYJfdHfcIT12AAAR left the room app:65710f821b750f6b882490b9
ns:/# socket l233q_u8mduVdM_QAAAU joined the room app:65710f821b750f6b882490b9
ns:/# socket l233q_u8mduVdM_QAAAU left the room app:65710f821b750f6b882490b9
ns:/# socket zSUKkijF2gXi96pgAAAX joined the room app:65710f821b750f6b882490b9
ns:/# socket zSUKkijF2gXi96pgAAAX left the room app:65710f821b750f6b882490b9
ns:/# socket BpP-AU3xd-hDF517AAAa joined the room app:65710f821b750f6b882490b9
ns:/# socket BpP-AU3xd-hDF517AAAa left the room app:65710f821b750f6b882490b9
ns:/# socket qDGorY0dqi_a2JNWAAAd joined the room app:65710f821b750f6b882490b9
ns:/# socket qDGorY0dqi_a2JNWAAAd left the room app:65710f821b750f6b882490b9
ns:/# socket rjICgCFtLsZtRnpaAAAg joined the room app:65710f821b750f6b882490b9
ns:/# socket rjICgCFtLsZtRnpaAAAg left the room app:65710f821b750f6b882490b9
ns:/# socket ePAcMrxYpeVFwu68AAAj joined the room app:65710f821b750f6b882490b9
ns:/# socket ePAcMrxYpeVFwu68AAAj left the room app:65710f821b750f6b882490b9
ns:/# socket Hyyvqj0xt8JvTAD5AAAm joined the room app:65710f821b750f6b882490b9
ns:/# socket Hyyvqj0xt8JvTAD5AAAm left the room app:65710f821b750f6b882490b9
ns:/# socket qvej4kvP36XFxA6JAAAp joined the room app:65710f821b750f6b882490b9
ns:/# socket qvej4kvP36XFxA6JAAAp left the room app:65710f821b750f6b882490b9
ns:/# socket mWgulH2Ox_ghVDRzAAAs joined the room app:65710f821b750f6b882490b9
ns:/# socket mWgulH2Ox_ghVDRzAAAs left the room app:65710f821b750f6b882490b9
ns:/# socket 2YlrJieOe_5-zSUxAAAv joined the room app:65710f821b750f6b882490b9
ns:/# socket 2YlrJieOe_5-zSUxAAAv left the room app:65710f821b750f6b882490b9
ns:/# socket JAFbuESq0r_uvJepAAAy joined the room app:65710f821b750f6b882490b9
ns:/# socket JAFbuESq0r_uvJepAAAy left the room app:65710f821b750f6b882490b9
ns:/# socket ByTZ2fBICHp9DbWPAAA1 joined the room app:65710f821b750f6b882490b9
ns:/# socket ByTZ2fBICHp9DbWPAAA1 left the room app:65710f821b750f6b882490b9
ns:/# socket gHKyYVfkJzovNGgmAAA4 joined the room app:65710f821b750f6b882490b9
ns:/# socket gHKyYVfkJzovNGgmAAA4 left the room app:65710f821b750f6b882490b9
ns:/# socket TLDV0RxvL6deVqw2AAA7 joined the room app:65710f821b750f6b882490b9
ns:/# socket TLDV0RxvL6deVqw2AAA7 left the room app:65710f821b750f6b882490b9
ns:/# socket k5UL5rfVTGfzpm1gAAA- joined the room app:65710f821b750f6b882490b9
ns:/# socket k5UL5rfVTGfzpm1gAAA- left the room app:65710f821b750f6b882490b9
ns:/# socket BVfig6DtiyKkSGoMAABB joined the room app:65710f821b750f6b882490b9
ns:/# socket BVfig6DtiyKkSGoMAABB left the room app:65710f821b750f6b882490b9
ns:/# socket DOhf4pxFQGLvMYB7AABE joined the room app:65710f821b750f6b882490b9
ns:/# socket DOhf4pxFQGLvMYB7AABE left the room app:65710f821b750f6b882490b9
ns:/# socket ozshsUlhmpLRLi20AABH joined the room app:65710f821b750f6b882490b9
ns:/# socket ozshsUlhmpLRLi20AABH left the room app:65710f821b750f6b882490b9
ns:/# socket fgWK0qaOjEjp7UdRAABK joined the room app:65710f821b750f6b882490b9
ns:/# socket fgWK0qaOjEjp7UdRAABK left the room app:65710f821b750f6b882490b9
ns:/# socket Uz32YWqop-EUW4G8AABN joined the room app:65710f821b750f6b882490b9
ns:/# socket Uz32YWqop-EUW4G8AABN left the room app:65710f821b750f6b882490b9
ns:/# socket -MMHNfBc2sOY-NBaAABQ joined the room app:65710f821b750f6b882490b9
ns:/# socket -MMHNfBc2sOY-NBaAABQ left the room app:65710f821b750f6b882490b9
ns:/# socket D0eX3lFsoUfkCNGaAABT joined the room app:65710f821b750f6b882490b9
ns:/# socket D0eX3lFsoUfkCNGaAABT left the room app:65710f821b750f6b882490b9
ns:/# socket A28JezG91oZ3Tb4AAABW joined the room app:65710f821b750f6b882490b9
ns:/# socket A28JezG91oZ3Tb4AAABW left the room app:65710f821b750f6b882490b9
ns:/# socket HmvBtahQXib1Z445AABZ joined the room app:65710f821b750f6b882490b9
ns:/# socket HmvBtahQXib1Z445AABZ left the room app:65710f821b750f6b882490b9
ns:/# socket 73ofnzYFQJ98DUEFAABc joined the room app:65710f821b750f6b882490b9
ns:/# socket 73ofnzYFQJ98DUEFAABc left the room app:65710f821b750f6b882490b9
ns:/# socket 30YjTaFQNqoDERGmAABf joined the room app:65710f821b750f6b882490b9
ns:/# socket 30YjTaFQNqoDERGmAABf left the room app:65710f821b750f6b882490b9
ns:/# socket 50f0PMiOuZcLVJzhAABi joined the room app:65710f821b750f6b882490b9
ns:/# socket 50f0PMiOuZcLVJzhAABi left the room app:65710f821b750f6b882490b9
ns:/# socket Dez5diIlnrRpeXjkAABl joined the room app:65710f821b750f6b882490b9
ns:/# socket Dez5diIlnrRpeXjkAABl left the room app:65710f821b750f6b882490b9
ns:/# socket vjPAEZC-v_Y1KgmoAABo joined the room app:65710f821b750f6b882490b9
ns:/# socket vjPAEZC-v_Y1KgmoAABo left the room app:65710f821b750f6b882490b9
ns:/# socket mc5b_Hs14-lyBkOFAABr joined the room app:65710f821b750f6b882490b9
ns:/# socket mc5b_Hs14-lyBkOFAABr left the room app:65710f821b750f6b882490b9
ns:/# socket BVMOYXDRd1J5o7bHAABu joined the room app:65710f821b750f6b882490b9
ns:/# socket BVMOYXDRd1J5o7bHAABu left the room app:65710f821b750f6b882490b9
ns:/# socket 0D4KP9HiIov0Pw-2AABx joined the room app:65710f821b750f6b882490b9
ns:/# socket 0D4KP9HiIov0Pw-2AABx left the room app:65710f821b750f6b882490b9
ns:/# socket TMFAK_fxPr-s9v_mAAB0 joined the room app:65710f821b750f6b882490b9
ns:/# socket TMFAK_fxPr-s9v_mAAB0 left the room app:65710f821b750f6b882490b9
ns:/# socket VhZ3GcjaEDe_npbJAAB3 joined the room app:65710f821b750f6b882490b9
ns:/# socket VhZ3GcjaEDe_npbJAAB3 left the room app:65710f821b750f6b882490b9
ns:/# socket TU3TFIwgpxI_N_sJAAB6 joined the room app:65710f821b750f6b882490b9
ns:/# socket TU3TFIwgpxI_N_sJAAB6 left the room app:65710f821b750f6b882490b9
ns:/# socket oVeCBBrvKwm7HjbXAAB9 joined the room app:65710f821b750f6b882490b9
ns:/# socket oVeCBBrvKwm7HjbXAAB9 left the room app:65710f821b750f6b882490b9
ns:/# socket HkEKCOKf3BvdH5tFAACA joined the room app:65710f821b750f6b882490b9
ns:/# socket HkEKCOKf3BvdH5tFAACA left the room app:65710f821b750f6b882490b9
ns:/# socket jUVDR9E9e1rPKYivAACD joined the room app:65710f821b750f6b882490b9
ns:/# socket jUVDR9E9e1rPKYivAACD left the room app:65710f821b750f6b882490b9
ns:/# socket cNjXWPA9yjyQ0QJUAACG joined the room app:65710f821b750f6b882490b9
ns:/# socket cNjXWPA9yjyQ0QJUAACG left the room app:65710f821b750f6b882490b9
ns:/# socket aJBs3jOEBpzE88v_AACJ joined the room app:65710f821b750f6b882490b9
ns:/# socket aJBs3jOEBpzE88v_AACJ left the room app:65710f821b750f6b882490b9
ns:/# socket yLXPUts4fH2IIvURAACM joined the room app:65710f821b750f6b882490b9
ns:/# socket yLXPUts4fH2IIvURAACM left the room app:65710f821b750f6b882490b9
ns:/# socket uVJ-H5PlJpVtZGXAAACP joined the room app:65710f821b750f6b882490b9
ns:/# socket uVJ-H5PlJpVtZGXAAACP left the room app:65710f821b750f6b882490b9
ns:/# socket 6xI2Jr9DbyU2_maSAACS joined the room app:65710f821b750f6b882490b9
ns:/# socket 6xI2Jr9DbyU2_maSAACS left the room app:65710f821b750f6b882490b9
ns:/# socket E6IQGiMY7V5lsd-MAACV joined the room app:65710f821b750f6b882490b9
ns:/# socket E6IQGiMY7V5lsd-MAACV left the room app:65710f821b750f6b882490b9
ns:/# socket 1gEX0vW_p17KxadHAACY joined the room app:65710f821b750f6b882490b9
ns:/# socket 1gEX0vW_p17KxadHAACY left the room app:65710f821b750f6b882490b9
ns:/# socket 2F_d7XpZUZqZrri4AACb joined the room app:65710f821b750f6b882490b9
ns:/# socket 2F_d7XpZUZqZrri4AACb left the room app:65710f821b750f6b882490b9
ns:/# socket o7fOD6ks6c5QGsnHAACe joined the room app:65710f821b750f6b882490b9
ns:/# socket o7fOD6ks6c5QGsnHAACe left the room app:65710f821b750f6b882490b9
ns:/# socket pZq6pXAAapyvvTTWAACh joined the room app:65710f821b750f6b882490b9
ns:/# socket pZq6pXAAapyvvTTWAACh left the room app:65710f821b750f6b882490b9
ns:/# socket 7vi5K-qbGudE_HjhAACk joined the room app:65710f821b750f6b882490b9
ns:/# socket 7vi5K-qbGudE_HjhAACk left the room app:65710f821b750f6b882490b9
ns:/# socket N5dKk042tgTISAvwAACn joined the room app:65710f821b750f6b882490b9
ns:/# socket N5dKk042tgTISAvwAACn left the room app:65710f821b750f6b882490b9
ns:/# socket vnBoZwoRBYMs6AodAACq joined the room app:65710f821b750f6b882490b9
ns:/# socket vnBoZwoRBYMs6AodAACq left the room app:65710f821b750f6b882490b9
ns:/# socket fR2FeIDX-3aRwp9kAACt joined the room app:65710f821b750f6b882490b9
ns:/# socket fR2FeIDX-3aRwp9kAACt left the room app:65710f821b750f6b882490b9
ns:/# socket Fu6kxOre4Hx-C-eIAACw joined the room app:65710f821b750f6b882490b9
ns:/# socket Fu6kxOre4Hx-C-eIAACw left the room app:65710f821b750f6b882490b9
ns:/# socket tHz4XlCWch865RjVAACz joined the room app:65710f821b750f6b882490b9
ns:/# socket tHz4XlCWch865RjVAACz left the room app:65710f821b750f6b882490b9
ns:/# socket L3lUM-6KQuuGklpiAAC2 joined the room app:65710f821b750f6b882490b9
ns:/# socket L3lUM-6KQuuGklpiAAC2 left the room app:65710f821b750f6b882490b9
ns:/# socket zZdHP_6UHddIvAkfAAC5 joined the room app:65710f821b750f6b882490b9
ns:/# socket zZdHP_6UHddIvAkfAAC5 left the room app:65710f821b750f6b882490b9
ns:/# socket 7CIT3Spt-Vq1h5MEAAC8 joined the room app:65710f821b750f6b882490b9
ns:/# socket 7CIT3Spt-Vq1h5MEAAC8 left the room app:65710f821b750f6b882490b9
ns:/# socket HPtzgkw6FotWJqPVAAC_ joined the room app:65710f821b750f6b882490b9
ns:/# socket HPtzgkw6FotWJqPVAAC_ left the room app:65710f821b750f6b882490b9
ns:/# socket pnescOPJr1WlclD2AADC joined the room app:65710f821b750f6b882490b9
ns:/# socket pnescOPJr1WlclD2AADC left the room app:65710f821b750f6b882490b9
ns:/# socket HFYuVTcVZ92NIhFOAADF joined the room app:65710f821b750f6b882490b9
ns:/# socket HFYuVTcVZ92NIhFOAADF left the room app:65710f821b750f6b882490b9
ns:/# socket 6-Fl020b6QLCwACPAADI joined the room app:65710f821b750f6b882490b9
ns:/# socket 6-Fl020b6QLCwACPAADI left the room app:65710f821b750f6b882490b9
ns:/# socket PJTjHjJc9lCoq-WvAADL joined the room app:65710f821b750f6b882490b9
ns:/# socket PJTjHjJc9lCoq-WvAADL left the room app:65710f821b750f6b882490b9
ns:/# socket sFotKEC5N0AG4Wx-AADO joined the room app:65710f821b750f6b882490b9
ns:/# socket sFotKEC5N0AG4Wx-AADO left the room app:65710f821b750f6b882490b9
ns:/# socket CY3xDR3DTs1s4TcRAADR joined the room app:65710f821b750f6b882490b9
ns:/# socket CY3xDR3DTs1s4TcRAADR left the room app:65710f821b750f6b882490b9
ns:/# socket oJHwb2fkRxKN-kBzAADU joined the room app:65710f821b750f6b882490b9
ns:/# socket oJHwb2fkRxKN-kBzAADU left the room app:65710f821b750f6b882490b9
ns:/# socket xffaPckiqWvBRN08AADX joined the room app:65710f821b750f6b882490b9
ns:/# socket xffaPckiqWvBRN08AADX left the room app:65710f821b750f6b882490b9
ns:/# socket niq4lQiM479KIz2sAADa joined the room app:65710f821b750f6b882490b9
ns:/# socket niq4lQiM479KIz2sAADa left the room app:65710f821b750f6b882490b9
ns:/# socket Twe0P8lG7juq1Y38AADd joined the room app:65710f821b750f6b882490b9
ns:/# socket Twe0P8lG7juq1Y38AADd left the room app:65710f821b750f6b882490b9
ns:/# socket j4-85TVxbDGSJlUnAADg joined the room app:65710f821b750f6b882490b9
ns:/# socket j4-85TVxbDGSJlUnAADg left the room app:65710f821b750f6b882490b9
ns:/# socket j8WdUtZeWnEcjxScAADj joined the room app:65710f821b750f6b882490b9
ns:/# socket j8WdUtZeWnEcjxScAADj left the room app:65710f821b750f6b882490b9
ns:/# socket JGdhEWVNHxS3LAloAADm joined the room app:65710f821b750f6b882490b9
ns:/# socket JGdhEWVNHxS3LAloAADm left the room app:65710f821b750f6b882490b9
ns:/# socket 58eBBC98ZE8gEwnOAADp joined the room app:65710f821b750f6b882490b9
ns:/# socket 58eBBC98ZE8gEwnOAADp left the room app:65710f821b750f6b882490b9
ns:/# socket ajQ1mdLSn_cPh3KFAADs joined the room app:65710f821b750f6b882490b9
ns:/# socket ajQ1mdLSn_cPh3KFAADs left the room app:65710f821b750f6b882490b9
ns:/# socket AtpY_sFL5s1ONByAAADv joined the room app:65710f821b750f6b882490b9
ns:/# socket AtpY_sFL5s1ONByAAADv left the room app:65710f821b750f6b882490b9
ns:/# socket w1Vi2Efd3D8ZQ4LmAADy joined the room app:65710f821b750f6b882490b9
ns:/# socket w1Vi2Efd3D8ZQ4LmAADy left the room app:65710f821b750f6b882490b9
ns:/# socket cwLqFdQ0f5bfkM3mAAD1 joined the room app:65710f821b750f6b882490b9
ns:/# socket cwLqFdQ0f5bfkM3mAAD1 left the room app:65710f821b750f6b882490b9
ns:/# socket YReP_DdbUSrNodkfAAD4 joined the room app:65710f821b750f6b882490b9
ns:/# socket YReP_DdbUSrNodkfAAD4 left the room app:65710f821b750f6b882490b9
ns:/# socket XpZqm6UxiNL4UW7GAAD7 joined the room app:65710f821b750f6b882490b9
ns:/# socket XpZqm6UxiNL4UW7GAAD7 left the room app:65710f821b750f6b882490b9
ns:/# socket Gayupa4RmqKakbTbAAD- joined the room app:65710f821b750f6b882490b9
ns:/# socket Gayupa4RmqKakbTbAAD- left the room app:65710f821b750f6b882490b9
ns:/# socket CdKivGwtvFcHEqIrAAEB joined the room app:65710f821b750f6b882490b9
ns:/# socket CdKivGwtvFcHEqIrAAEB left the room app:65710f821b750f6b882490b9
ns:/# socket -qdSQ2p4RmDfzOz-AAEE joined the room app:65710f821b750f6b882490b9
ns:/# socket -qdSQ2p4RmDfzOz-AAEE left the room app:65710f821b750f6b882490b9
ns:/# socket 12tQDRFfkksOkVJOAAEH joined the room app:65710f821b750f6b882490b9
ns:/# socket 12tQDRFfkksOkVJOAAEH left the room app:65710f821b750f6b882490b9
ns:/# socket Do-0QVvLAMpwtUcPAAEK joined the room app:65710f821b750f6b882490b9
ns:/# socket Do-0QVvLAMpwtUcPAAEK left the room app:65710f821b750f6b882490b9
ns:/# socket gObVzu0AJY-4755xAAEN joined the room app:65710f821b750f6b882490b9
ns:/# socket gObVzu0AJY-4755xAAEN left the room app:65710f821b750f6b882490b9
ns:/# socket ndiRmvCV37uQege8AAEQ joined the room app:65710f821b750f6b882490b9
ns:/# socket ndiRmvCV37uQege8AAEQ left the room app:65710f821b750f6b882490b9
ns:/# socket yR2A2Shpe7HQxJesAAET joined the room app:65710f821b750f6b882490b9
ns:/# socket yR2A2Shpe7HQxJesAAET left the room app:65710f821b750f6b882490b9
ns:/# socket teVCZ7VNTf16fbMJAAEW joined the room app:65710f821b750f6b882490b9
ns:/# socket teVCZ7VNTf16fbMJAAEW left the room app:65710f821b750f6b882490b9
ns:/# socket oI9DjMe8IdlR69DPAAEZ joined the room app:65710f821b750f6b882490b9
ns:/# socket oI9DjMe8IdlR69DPAAEZ left the room app:65710f821b750f6b882490b9
ns:/# socket lOR9lmiBEC1E548kAAEc joined the room app:65710f821b750f6b882490b9
ns:/# socket lOR9lmiBEC1E548kAAEc left the room app:65710f821b750f6b882490b9
ns:/# socket BKD3WsvvwTlUq32UAAEf joined the room app:65710f821b750f6b882490b9
ns:/# socket BKD3WsvvwTlUq32UAAEf left the room app:65710f821b750f6b882490b9
ns:/# socket iboSKNssy3iAK9eAAAEi joined the room app:65710f821b750f6b882490b9
ns:/# socket iboSKNssy3iAK9eAAAEi left the room app:65710f821b750f6b882490b9
ns:/# socket 6fKcR6MGAwELo0PoAAEl joined the room app:65710f821b750f6b882490b9
ns:/# socket 6fKcR6MGAwELo0PoAAEl left the room app:65710f821b750f6b882490b9
ns:/# socket Uv9tJpKioF1JNBJ_AAEo joined the room app:65710f821b750f6b882490b9
ns:/# socket Uv9tJpKioF1JNBJ_AAEo left the room app:65710f821b750f6b882490b9
ns:/# socket 9DtsBnmQ0PkBtLoWAAEr joined the room app:65710f821b750f6b882490b9
ns:/# socket 9DtsBnmQ0PkBtLoWAAEr left the room app:65710f821b750f6b882490b9
ns:/# socket 16YGO4xknoMVcjfYAAEu joined the room app:65710f821b750f6b882490b9
ns:/# socket 16YGO4xknoMVcjfYAAEu left the room app:65710f821b750f6b882490b9
ns:/# socket i_seJuGAwKYlW5w5AAEx joined the room app:65710f821b750f6b882490b9
ns:/# socket i_seJuGAwKYlW5w5AAEx left the room app:65710f821b750f6b882490b9
ns:/# socket TmbFDTfxDKLlPR0FAAE0 joined the room app:65710f821b750f6b882490b9
ns:/# socket TmbFDTfxDKLlPR0FAAE0 left the room app:65710f821b750f6b882490b9
ns:/# socket 1v11PN77LWAkzC5DAAE3 joined the room app:65710f821b750f6b882490b9
ns:/# socket 1v11PN77LWAkzC5DAAE3 left the room app:65710f821b750f6b882490b9
ns:/# socket aTdglQp-FRXU7TrGAAE6 joined the room app:65710f821b750f6b882490b9
ns:/# socket aTdglQp-FRXU7TrGAAE6 left the room app:65710f821b750f6b882490b9
ns:/# socket UG9xziwsT1TgjKy-AAE9 joined the room app:65710f821b750f6b882490b9
ns:/# socket UG9xziwsT1TgjKy-AAE9 left the room app:65710f821b750f6b882490b9
ns:/# socket 5FLSD_0ZrObX8VSUAAFA joined the room app:65710f821b750f6b882490b9
ns:/# socket 5FLSD_0ZrObX8VSUAAFA left the room app:65710f821b750f6b882490b9
ns:/# socket 4CTdR1Eeg-IA1hJAAAFD joined the room app:65710f821b750f6b882490b9
ns:/# socket 4CTdR1Eeg-IA1hJAAAFD left the room app:65710f821b750f6b882490b9
ns:/# socket 3r84gWK5deBcuCKWAAFG joined the room app:65710f821b750f6b882490b9
ns:/# socket 3r84gWK5deBcuCKWAAFG left the room app:65710f821b750f6b882490b9
ns:/# socket 4NntWGG1HxCB8e_VAAFJ joined the room app:65710f821b750f6b882490b9
ns:/# socket 4NntWGG1HxCB8e_VAAFJ left the room app:65710f821b750f6b882490b9
ns:/# socket Z3NhGVGU8v-sK5YhAAFM joined the room app:65710f821b750f6b882490b9
ns:/# socket Z3NhGVGU8v-sK5YhAAFM left the room app:65710f821b750f6b882490b9
ns:/# socket 250yc75wxw7fobEkAAFP joined the room app:65710f821b750f6b882490b9
ns:/# socket 250yc75wxw7fobEkAAFP left the room app:65710f821b750f6b882490b9
ns:/# socket g14y9wPDomrO0_K1AAFS joined the room app:65710f821b750f6b882490b9
ns:/# socket g14y9wPDomrO0_K1AAFS left the room app:65710f821b750f6b882490b9
ns:/# socket HZ--wZeneuzv-aukAAFV joined the room app:65710f821b750f6b882490b9
ns:/# socket HZ--wZeneuzv-aukAAFV left the room app:65710f821b750f6b882490b9
ns:/# socket HvmYMcJgu8rtmLAjAAFY joined the room app:65710f821b750f6b882490b9
ns:/# socket HvmYMcJgu8rtmLAjAAFY left the room app:65710f821b750f6b882490b9
ns:/# socket HLj9aZnUhlL__Lb6AAFb joined the room app:65710f821b750f6b882490b9
ns:/# socket HLj9aZnUhlL__Lb6AAFb left the room app:65710f821b750f6b882490b9
ns:/# socket yZJCIp-t8sRUjemWAAFe joined the room app:65710f821b750f6b882490b9
ns:/# socket yZJCIp-t8sRUjemWAAFe left the room app:65710f821b750f6b882490b9
ns:/# socket YuWbIxxCDRSxO7gRAAFh joined the room app:65710f821b750f6b882490b9
ns:/# socket YuWbIxxCDRSxO7gRAAFh left the room app:65710f821b750f6b882490b9
ns:/# socket F54KrEPeI_st8LwnAAFk joined the room app:65710f821b750f6b882490b9
ns:/# socket F54KrEPeI_st8LwnAAFk left the room app:65710f821b750f6b882490b9
ns:/# socket m7CkS4ehbLDjATPxAAFn joined the room app:65710f821b750f6b882490b9
ns:/# socket m7CkS4ehbLDjATPxAAFn left the room app:65710f821b750f6b882490b9
ns:/# socket VbAmMcrCAcrnJV7uAAFq joined the room app:65710f821b750f6b882490b9
ns:/# socket VbAmMcrCAcrnJV7uAAFq left the room app:65710f821b750f6b882490b9
ns:/# socket PfjVx76EbehfF2MqAAFt joined the room app:65710f821b750f6b882490b9
ns:/# socket PfjVx76EbehfF2MqAAFt left the room app:65710f821b750f6b882490b9
ns:/# socket 2GgWpXhAUzbbzGnQAAFw joined the room app:65710f821b750f6b882490b9
ns:/# socket 2GgWpXhAUzbbzGnQAAFw left the room app:65710f821b750f6b882490b9
ns:/# socket CPtDDaqmMx3_89thAAFz joined the room app:65710f821b750f6b882490b9
ns:/# socket CPtDDaqmMx3_89thAAFz left the room app:65710f821b750f6b882490b9
ns:/# socket TA7ocB8_IgRNlxNXAAF2 joined the room app:65710f821b750f6b882490b9
ns:/# socket TA7ocB8_IgRNlxNXAAF2 left the room app:65710f821b750f6b882490b9
ns:/# socket 0qocy3B_Z5Fo_VDlAAF5 joined the room app:65710f821b750f6b882490b9
ns:/# socket 0qocy3B_Z5Fo_VDlAAF5 left the room app:65710f821b750f6b882490b9
ns:/# socket o6a4oT8oRIzSyG4vAAF8 joined the room app:65710f821b750f6b882490b9
ns:/# socket o6a4oT8oRIzSyG4vAAF8 left the room app:65710f821b750f6b882490b9
ns:/# socket Pv_yhHPzLILEtpt3AAF_ joined the room app:65710f821b750f6b882490b9
ns:/# socket Pv_yhHPzLILEtpt3AAF_ left the room app:65710f821b750f6b882490b9
ns:/# socket dau6IDqHlHmQqGLxAAGC joined the room app:65710f821b750f6b882490b9
ns:/# socket dau6IDqHlHmQqGLxAAGC left the room app:65710f821b750f6b882490b9
ns:/# socket eO4bZGppPxb7D0p2AAGF joined the room app:65710f821b750f6b882490b9
ns:/# socket eO4bZGppPxb7D0p2AAGF left the room app:65710f821b750f6b882490b9
ns:/# socket ii7W_sATeKygHrscAAGI joined the room app:65710f821b750f6b882490b9
ns:/# socket ii7W_sATeKygHrscAAGI left the room app:65710f821b750f6b882490b9
ns:/# socket 6_o75mZ7-HW-bLVQAAGL joined the room app:65710f821b750f6b882490b9
ns:/# socket 6_o75mZ7-HW-bLVQAAGL left the room app:65710f821b750f6b882490b9
ns:/# socket xA2hy8laOAFMcHslAAGO joined the room app:65710f821b750f6b882490b9
ns:/# socket xA2hy8laOAFMcHslAAGO left the room app:65710f821b750f6b882490b9
ns:/# socket ljJ2h9gDGBnWJebbAAGR joined the room app:65710f821b750f6b882490b9
ns:/# socket ljJ2h9gDGBnWJebbAAGR left the room app:65710f821b750f6b882490b9
ns:/# socket lhHF-_8JmwBeAICeAAGU joined the room app:65710f821b750f6b882490b9
ns:/# socket lhHF-_8JmwBeAICeAAGU left the room app:65710f821b750f6b882490b9
ns:/# socket Ycm1O6FPUPR3WbGaAAGX joined the room app:65710f821b750f6b882490b9
ns:/# socket Ycm1O6FPUPR3WbGaAAGX left the room app:65710f821b750f6b882490b9
ns:/# socket iMzFx2fQ0DD9yhxuAAGa joined the room app:65710f821b750f6b882490b9
ns:/# socket iMzFx2fQ0DD9yhxuAAGa left the room app:65710f821b750f6b882490b9
ns:/# socket eI7S7BE6LP8LBy7zAAGd joined the room app:65710f821b750f6b882490b9
ns:/# socket eI7S7BE6LP8LBy7zAAGd left the room app:65710f821b750f6b882490b9
ns:/# socket eI7S7BE6LP8LBy7zAAGd joined the room app:65710f821b750f6b882490b9
ns:/# socket eI7S7BE6LP8LBy7zAAGd left the room app:65710f821b750f6b882490b9
ns:/# socket eI7S7BE6LP8LBy7zAAGd joined the room app:65710f821b750f6b882490b9
ns:/# socket eI7S7BE6LP8LBy7zAAGd left the room app:65710f821b750f6b882490b9
ns:/# socket eI7S7BE6LP8LBy7zAAGd joined the room app:65710f821b750f6b882490b9
ns:/# socket eI7S7BE6LP8LBy7zAAGd left the room app:65710f821b750f6b882490b9
ns:/# socket eI7S7BE6LP8LBy7zAAGd joined the room app:65710f821b750f6b882490b9
ns:/# socket eI7S7BE6LP8LBy7zAAGd left the room app:65710f821b750f6b882490b9
ns:/# socket jixK6Wn66vR4G_udAAGs joined the room app:65710f821b750f6b882490b9
ns:/# socket jixK6Wn66vR4G_udAAGs left the room app:65710f821b750f6b882490b9
ns:/# socket jixK6Wn66vR4G_udAAGs joined the room app:65710f821b750f6b882490b9
ns:/# socket jixK6Wn66vR4G_udAAGs left the room app:65710f821b750f6b882490b9
ns:/# socket jixK6Wn66vR4G_udAAGs joined the room app:65710f821b750f6b882490b9
ns:/# socket jixK6Wn66vR4G_udAAGs left the room app:65710f821b750f6b882490b9
ns:/# socket jixK6Wn66vR4G_udAAGs joined the room app:65710f821b750f6b882490b9
ns:/# socket jixK6Wn66vR4G_udAAGs left the room app:65710f821b750f6b882490b9
ns:/# socket jixK6Wn66vR4G_udAAGs joined the room app:65710f821b750f6b882490b9
ns:/# socket jixK6Wn66vR4G_udAAGs left the room app:65710f821b750f6b882490b9
ns:/# socket jixK6Wn66vR4G_udAAGs joined the room app:65710f821b750f6b882490b9
ns:/# socket jixK6Wn66vR4G_udAAGs left the room app:65710f821b750f6b882490b9
ns:/# socket Rjvk7oVT25HC9MKGAAGv joined the room app:65710f821b750f6b882490b9
ns:/# socket Rjvk7oVT25HC9MKGAAGv left the room app:65710f821b750f6b882490b9
ns:/# socket Rjvk7oVT25HC9MKGAAGv joined the room app:65710f821b750f6b882490b9
ns:/# socket Rjvk7oVT25HC9MKGAAGv left the room app:65710f821b750f6b882490b9
ns:/# socket Rjvk7oVT25HC9MKGAAGv joined the room app:65710f821b750f6b882490b9
ns:/# socket Rjvk7oVT25HC9MKGAAGv left the room app:65710f821b750f6b882490b9
ns:/# socket FR1cH1OSkkik0b6dAAG4 joined the room app:65710f821b750f6b882490b9
ns:/# socket FR1cH1OSkkik0b6dAAG4 left the room app:65710f821b750f6b882490b9
ns:/# socket FR1cH1OSkkik0b6dAAG4 joined the room app:65710f821b750f6b882490b9
ns:/# socket FR1cH1OSkkik0b6dAAG4 left the room app:65710f821b750f6b882490b9
ns:/# socket meQGE8Xleid_vpqlAAG7 joined the room app:65710f821b750f6b882490b9
ns:/# socket meQGE8Xleid_vpqlAAG7 left the room app:65710f821b750f6b882490b9
ns:/# socket meQGE8Xleid_vpqlAAG7 joined the room app:65710f821b750f6b882490b9
ns:/# socket meQGE8Xleid_vpqlAAG7 left the room app:65710f821b750f6b882490b9
ns:/# socket meQGE8Xleid_vpqlAAG7 joined the room app:65710f821b750f6b882490b9
ns:/# socket meQGE8Xleid_vpqlAAG7 left the room app:65710f821b750f6b882490b9
ns:/# socket meQGE8Xleid_vpqlAAG7 joined the room app:65710f821b750f6b882490b9
ns:/# socket meQGE8Xleid_vpqlAAG7 left the room app:65710f821b750f6b882490b9
ns:/# socket meQGE8Xleid_vpqlAAG7 joined the room app:65710f821b750f6b882490b9
ns:/# socket meQGE8Xleid_vpqlAAG7 left the room app:65710f821b750f6b882490b9
ns:/# socket FapdDkI1x0txUgxrAAG- joined the room app:65710f821b750f6b882490b9
ns:/# socket FapdDkI1x0txUgxrAAG- left the room app:65710f821b750f6b882490b9
ns:/# socket FapdDkI1x0txUgxrAAG- joined the room app:65710f821b750f6b882490b9
ns:/# socket FapdDkI1x0txUgxrAAG- left the room app:65710f821b750f6b882490b9
