Load environment configuration
RTS version v1.9.50 running at http://localhost:8091
ns:/# socket 4eHA7bd1BgmnsTJ5AAAB joined the room app:65710f821b750f6b882490b9
ns:/# socket 4eHA7bd1BgmnsTJ5AAAB left the room app:65710f821b750f6b882490b9
ns:/# socket 4eHA7bd1BgmnsTJ5AAAB joined the room app:65710f821b750f6b882490b9
ns:/# socket 4eHA7bd1BgmnsTJ5AAAB left the room app:65710f821b750f6b882490b9
ns:/# socket 5zPKeD43xAXct5hHAAAE joined the room app:65710f821b750f6b882490b9
ns:/# socket 5zPKeD43xAXct5hHAAAE left the room app:65710f821b750f6b882490b9
ns:/# socket C1kHxhKBqTWKYmLrAAAH joined the room app:65710f821b750f6b882490b9
ns:/# socket C1kHxhKBqTWKYmLrAAAH left the room app:65710f821b750f6b882490b9
ns:/# socket mnk33C5ClkrImxjcAAAK joined the room app:65710f821b750f6b882490b9
ns:/# socket mnk33C5ClkrImxjcAAAK left the room app:65710f821b750f6b882490b9
ns:/# socket dQhpBvbxalXlpeykAAAN joined the room app:65710f821b750f6b882490b9
ns:/# socket dQhpBvbxalXlpeykAAAN left the room app:65710f821b750f6b882490b9
ns:/# socket cx4BlGOmsGVpBZ99AAAR joined the room app:6571644fc705506d4658c67b
ns:/# socket NUhBQGb4rD6JkFg4AAAU joined the room app:6571644fc705506d4658c67b
ns:/# socket NUhBQGb4rD6JkFg4AAAU left the room app:6571644fc705506d4658c67b
ns:/# socket NUhBQGb4rD6JkFg4AAAU joined the room app:65710f821b750f6b882490b9
ns:/# socket NUhBQGb4rD6JkFg4AAAU left the room app:65710f821b750f6b882490b9
ns:/# socket NUhBQGb4rD6JkFg4AAAU joined the room app:65710f821b750f6b882490b9
ns:/# socket NUhBQGb4rD6JkFg4AAAU left the room app:65710f821b750f6b882490b9
ns:/# socket NUhBQGb4rD6JkFg4AAAU joined the room app:65710f821b750f6b882490b9
ns:/# socket NUhBQGb4rD6JkFg4AAAU left the room app:65710f821b750f6b882490b9
ns:/# socket NUhBQGb4rD6JkFg4AAAU joined the room app:65710f821b750f6b882490b9
ns:/# socket cx4BlGOmsGVpBZ99AAAR left the room app:6571644fc705506d4658c67b
ns:/# socket cx4BlGOmsGVpBZ99AAAR joined the room app:6571644fc705506d4658c67b
ns:/# socket cx4BlGOmsGVpBZ99AAAR left the room app:6571644fc705506d4658c67b
ns:/# socket cx4BlGOmsGVpBZ99AAAR joined the room app:6571644fc705506d4658c67b
Load environment configuration
RTS version v1.9.50 running at http://localhost:8091
