+ ssl_conf_path=/appsmith-stacks/data/certificate/conf
+ mkdir -pv /appsmith-stacks/data/certificate/conf
+ cat
+ cat
+ [[ -z 'self' * ]]
+ export 'APPSMITH_ALLOWED_FRAME_ANCESTORS='\''self'\'' *'
+ APPSMITH_ALLOWED_FRAME_ANCESTORS=''\''self'\'' *'
+ [[ -z false ]]
+ use_https=0
+ [[ -n '' ]]
+ /opt/appsmith/templates/nginx-app.conf.sh 0 ''
+ cp -r /opt/appsmith/editor/404-image.png /opt/appsmith/editor/404.css /opt/appsmith/editor/404.html /opt/appsmith/editor/asset-manifest.json /opt/appsmith/editor/asset-manifest.json.gz /opt/appsmith/editor/favicon-black.ico /opt/appsmith/editor/index.html /opt/appsmith/editor/index.html.gz /opt/appsmith/editor/libraries /opt/appsmith/editor/manifest.json /opt/appsmith/editor/page.min.js /opt/appsmith/editor/pageService.js /opt/appsmith/editor/pageService.js.LICENSE.txt /opt/appsmith/editor/pageService.js.br /opt/appsmith/editor/pageService.js.gz /opt/appsmith/editor/pageService.js.map /opt/appsmith/editor/pageService.js.map.gz /opt/appsmith/editor/privacy-policy.html /opt/appsmith/editor/static /opt/appsmith/editor/terms-and-conditions.html /opt/appsmith/editor/tinymce /tmp/appsmith/www
+ apply-env-vars /opt/appsmith/editor/index.html /tmp/appsmith/www/index.html
+ original=/opt/appsmith/editor/index.html
+ served=/tmp/appsmith/www/index.html
+ node -e '
  const fs = require("fs")
  const content = fs.readFileSync("/opt/appsmith/editor/index.html", "utf8").replace(
    /\b__(APPSMITH_[A-Z0-9_]+)__\b/g,
    (placeholder, name) => (process.env[name] || "")
  )
  fs.writeFileSync("/tmp/appsmith/www/index.html", content)
  '
++ dirname /tmp/appsmith/www/index.html
+ pushd /tmp/appsmith/www
++ basename /tmp/appsmith/www/index.html
+ gzip --keep --force index.html
+ popd
+ exec nginx -g 'daemon off;error_log stderr info;'
2023/12/07 05:47:35 [notice] 1472#1472: using the "epoll" event method
2023/12/07 05:47:35 [notice] 1472#1472: nginx/1.18.0 (Ubuntu)
2023/12/07 05:47:35 [notice] 1472#1472: OS: Linux 6.5.11-linuxkit
2023/12/07 05:47:35 [notice] 1472#1472: getrlimit(RLIMIT_NOFILE): 1048576:1048576
2023/12/07 05:47:35 [notice] 1472#1472: start worker processes
2023/12/07 05:47:35 [notice] 1472#1472: start worker process 1530
2023/12/07 05:47:35 [notice] 1472#1472: start worker process 1531
2023/12/07 05:47:35 [notice] 1472#1472: start worker process 1532
2023/12/07 05:47:35 [notice] 1472#1472: start worker process 1533
2023/12/07 05:47:35 [notice] 1472#1472: start worker process 1534
2023/12/07 05:47:35 [notice] 1472#1472: start worker process 1535
2023/12/07 05:47:35 [notice] 1472#1472: start worker process 1536
2023/12/07 05:47:35 [notice] 1472#1472: start worker process 1537
2023/12/07 05:47:35 [notice] 1472#1472: start worker process 1538
2023/12/07 05:47:35 [notice] 1472#1472: start worker process 1539
2023/12/07 06:35:53 [notice] 1472#1472: signal 3 (SIGQUIT) received from 1, shutting down
2023/12/07 06:35:53 [notice] 1530#1530: gracefully shutting down
2023/12/07 06:35:53 [notice] 1532#1532: gracefully shutting down
2023/12/07 06:35:53 [notice] 1531#1531: gracefully shutting down
2023/12/07 06:35:53 [notice] 1539#1539: gracefully shutting down
2023/12/07 06:35:53 [notice] 1531#1531: exiting
2023/12/07 06:35:53 [notice] 1532#1532: exiting
2023/12/07 06:35:53 [notice] 1537#1537: gracefully shutting down
2023/12/07 06:35:53 [notice] 1539#1539: exiting
2023/12/07 06:35:53 [notice] 1534#1534: gracefully shutting down
2023/12/07 06:35:53 [notice] 1537#1537: exiting
2023/12/07 06:35:53 [notice] 1536#1536: gracefully shutting down
2023/12/07 06:35:53 [notice] 1535#1535: gracefully shutting down
2023/12/07 06:35:53 [notice] 1534#1534: exiting
2023/12/07 06:35:53 [notice] 1536#1536: exiting
2023/12/07 06:35:53 [notice] 1535#1535: exiting
2023/12/07 06:35:53 [notice] 1533#1533: gracefully shutting down
2023/12/07 06:35:53 [notice] 1533#1533: exiting
2023/12/07 06:35:53 [notice] 1538#1538: gracefully shutting down
2023/12/07 06:35:53 [notice] 1538#1538: exiting
2023/12/07 06:35:53 [notice] 1533#1533: exit
2023/12/07 06:35:53 [notice] 1537#1537: exit
2023/12/07 06:35:53 [notice] 1539#1539: exit
2023/12/07 06:35:53 [notice] 1531#1531: exit
2023/12/07 06:35:53 [notice] 1538#1538: exit
2023/12/07 06:35:53 [notice] 1532#1532: exit
2023/12/07 06:35:53 [notice] 1536#1536: exit
2023/12/07 06:35:53 [notice] 1535#1535: exit
2023/12/07 06:35:53 [notice] 1472#1472: signal 17 (SIGCHLD) received from 1536
2023/12/07 06:35:53 [notice] 1472#1472: worker process 1533 exited with code 0
2023/12/07 06:35:53 [notice] 1472#1472: worker process 1536 exited with code 0
2023/12/07 06:35:53 [notice] 1472#1472: worker process 1537 exited with code 0
2023/12/07 06:35:53 [notice] 1472#1472: signal 29 (SIGIO) received
2023/12/07 06:35:53 [notice] 1472#1472: signal 17 (SIGCHLD) received from 1535
2023/12/07 06:35:53 [notice] 1472#1472: worker process 1535 exited with code 0
2023/12/07 06:35:53 [notice] 1534#1534: exit
2023/12/07 06:35:53 [notice] 1472#1472: signal 29 (SIGIO) received
2023/12/07 06:35:53 [notice] 1472#1472: signal 17 (SIGCHLD) received from 1532
2023/12/07 06:35:53 [notice] 1472#1472: worker process 1531 exited with code 0
2023/12/07 06:35:53 [notice] 1472#1472: worker process 1532 exited with code 0
2023/12/07 06:35:53 [notice] 1472#1472: worker process 1538 exited with code 0
2023/12/07 06:35:53 [notice] 1472#1472: worker process 1539 exited with code 0
2023/12/07 06:35:53 [notice] 1472#1472: signal 29 (SIGIO) received
2023/12/07 06:35:53 [notice] 1472#1472: signal 17 (SIGCHLD) received from 1534
2023/12/07 06:35:53 [notice] 1472#1472: worker process 1534 exited with code 0
2023/12/07 06:35:53 [notice] 1472#1472: signal 29 (SIGIO) received
+ ssl_conf_path=/appsmith-stacks/data/certificate/conf
+ mkdir -pv /appsmith-stacks/data/certificate/conf
+ cat
+ cat
+ [[ -z 'self' * ]]
+ export 'APPSMITH_ALLOWED_FRAME_ANCESTORS='\''self'\'' *'
+ APPSMITH_ALLOWED_FRAME_ANCESTORS=''\''self'\'' *'
+ [[ -z false ]]
+ use_https=0
+ [[ -n '' ]]
+ /opt/appsmith/templates/nginx-app.conf.sh 0 ''
+ cp -r /opt/appsmith/editor/404-image.png /opt/appsmith/editor/404.css /opt/appsmith/editor/404.html /opt/appsmith/editor/asset-manifest.json /opt/appsmith/editor/asset-manifest.json.gz /opt/appsmith/editor/favicon-black.ico /opt/appsmith/editor/index.html /opt/appsmith/editor/index.html.gz /opt/appsmith/editor/libraries /opt/appsmith/editor/manifest.json /opt/appsmith/editor/page.min.js /opt/appsmith/editor/pageService.js /opt/appsmith/editor/pageService.js.LICENSE.txt /opt/appsmith/editor/pageService.js.br /opt/appsmith/editor/pageService.js.gz /opt/appsmith/editor/pageService.js.map /opt/appsmith/editor/pageService.js.map.gz /opt/appsmith/editor/privacy-policy.html /opt/appsmith/editor/static /opt/appsmith/editor/terms-and-conditions.html /opt/appsmith/editor/tinymce /tmp/appsmith/www
+ apply-env-vars /opt/appsmith/editor/index.html /tmp/appsmith/www/index.html
+ original=/opt/appsmith/editor/index.html
+ served=/tmp/appsmith/www/index.html
+ node -e '
  const fs = require("fs")
  const content = fs.readFileSync("/opt/appsmith/editor/index.html", "utf8").replace(
    /\b__(APPSMITH_[A-Z0-9_]+)__\b/g,
    (placeholder, name) => (process.env[name] || "")
  )
  fs.writeFileSync("/tmp/appsmith/www/index.html", content)
  '
++ dirname /tmp/appsmith/www/index.html
+ pushd /tmp/appsmith/www
++ basename /tmp/appsmith/www/index.html
+ gzip --keep --force index.html
+ popd
+ exec nginx -g 'daemon off;error_log stderr info;'
2023/12/07 06:36:53 [notice] 1505#1505: using the "epoll" event method
2023/12/07 06:36:53 [notice] 1505#1505: nginx/1.18.0 (Ubuntu)
2023/12/07 06:36:53 [notice] 1505#1505: OS: Linux 6.5.11-linuxkit
2023/12/07 06:36:53 [notice] 1505#1505: getrlimit(RLIMIT_NOFILE): 1048576:1048576
2023/12/07 06:36:53 [notice] 1505#1505: start worker processes
2023/12/07 06:36:53 [notice] 1505#1505: start worker process 1564
2023/12/07 06:36:53 [notice] 1505#1505: start worker process 1565
2023/12/07 06:36:53 [notice] 1505#1505: start worker process 1566
2023/12/07 06:36:53 [notice] 1505#1505: start worker process 1567
2023/12/07 06:36:53 [notice] 1505#1505: start worker process 1568
2023/12/07 06:36:53 [notice] 1505#1505: start worker process 1569
2023/12/07 06:36:53 [notice] 1505#1505: start worker process 1570
2023/12/07 06:36:53 [notice] 1505#1505: start worker process 1571
2023/12/07 06:36:53 [notice] 1505#1505: start worker process 1572
2023/12/07 06:36:53 [notice] 1505#1505: start worker process 1573
2023/12/07 06:39:16 [notice] 1505#1505: signal 3 (SIGQUIT) received from 1, shutting down
2023/12/07 06:39:16 [notice] 1564#1564: gracefully shutting down
2023/12/07 06:39:16 [notice] 1564#1564: exiting
2023/12/07 06:39:16 [notice] 1567#1567: gracefully shutting down
2023/12/07 06:39:16 [notice] 1565#1565: gracefully shutting down
2023/12/07 06:39:16 [notice] 1571#1571: gracefully shutting down
2023/12/07 06:39:16 [notice] 1569#1569: gracefully shutting down
2023/12/07 06:39:16 [notice] 1565#1565: exiting
2023/12/07 06:39:16 [notice] 1570#1570: gracefully shutting down
2023/12/07 06:39:16 [notice] 1566#1566: gracefully shutting down
2023/12/07 06:39:16 [notice] 1567#1567: exiting
2023/12/07 06:39:16 [notice] 1572#1572: gracefully shutting down
2023/12/07 06:39:16 [notice] 1568#1568: gracefully shutting down
2023/12/07 06:39:16 [notice] 1569#1569: exiting
2023/12/07 06:39:16 [notice] 1571#1571: exiting
2023/12/07 06:39:16 [notice] 1572#1572: exiting
2023/12/07 06:39:16 [notice] 1570#1570: exiting
2023/12/07 06:39:16 [notice] 1573#1573: gracefully shutting down
2023/12/07 06:39:16 [notice] 1566#1566: exiting
2023/12/07 06:39:16 [notice] 1568#1568: exiting
2023/12/07 06:39:16 [notice] 1573#1573: exiting
2023/12/07 06:39:16 [notice] 1565#1565: exit
2023/12/07 06:39:16 [notice] 1569#1569: exit
2023/12/07 06:39:16 [notice] 1570#1570: exit
2023/12/07 06:39:16 [notice] 1572#1572: exit
2023/12/07 06:39:16 [notice] 1567#1567: exit
2023/12/07 06:39:16 [notice] 1566#1566: exit
2023/12/07 06:39:16 [notice] 1573#1573: exit
2023/12/07 06:39:16 [notice] 1568#1568: exit
2023/12/07 06:39:16 [notice] 1505#1505: signal 17 (SIGCHLD) received from 1570
2023/12/07 06:39:16 [notice] 1505#1505: worker process 1565 exited with code 0
2023/12/07 06:39:16 [notice] 1505#1505: worker process 1569 exited with code 0
2023/12/07 06:39:16 [notice] 1505#1505: worker process 1570 exited with code 0
2023/12/07 06:39:16 [notice] 1505#1505: signal 29 (SIGIO) received
2023/12/07 06:39:16 [notice] 1505#1505: signal 17 (SIGCHLD) received from 1565
2023/12/07 06:39:16 [notice] 1505#1505: worker process 1566 exited with code 0
2023/12/07 06:39:16 [notice] 1505#1505: signal 29 (SIGIO) received
2023/12/07 06:39:16 [notice] 1571#1571: exit
2023/12/07 06:39:16 [notice] 1505#1505: signal 17 (SIGCHLD) received from 1572
2023/12/07 06:39:16 [notice] 1505#1505: worker process 1567 exited with code 0
2023/12/07 06:39:16 [notice] 1505#1505: worker process 1572 exited with code 0
2023/12/07 06:39:16 [notice] 1505#1505: worker process 1573 exited with code 0
2023/12/07 06:39:16 [notice] 1505#1505: signal 29 (SIGIO) received
2023/12/07 06:39:16 [notice] 1505#1505: signal 17 (SIGCHLD) received from 1573
2023/12/07 06:39:16 [notice] 1505#1505: signal 17 (SIGCHLD) received from 1568
2023/12/07 06:39:16 [notice] 1505#1505: worker process 1568 exited with code 0
2023/12/07 06:39:16 [notice] 1505#1505: signal 29 (SIGIO) received
2023/12/07 06:39:16 [notice] 1505#1505: signal 17 (SIGCHLD) received from 1571
2023/12/07 06:39:16 [notice] 1505#1505: worker process 1571 exited with code 0
2023/12/07 06:39:16 [notice] 1505#1505: signal 29 (SIGIO) received
2023/12/07 06:39:16 [notice] 1564#1564: exit
2023/12/07 06:39:16 [notice] 1505#1505: signal 17 (SIGCHLD) received from 1564
2023/12/07 06:39:16 [notice] 1505#1505: worker process 1564 exited with code 0
2023/12/07 06:39:16 [notice] 1505#1505: exit
